2025-05-02T17:17:12.863Z | Ultimate Tango | success | Methods: btcNiceName
2025-05-02T17:17:13.373Z | Ultimate Tango | success | Methods: cache
2025-05-02T17:17:13.742Z | Boston Sunday Practica Group | success | Methods: btcNiceName
2025-05-02T17:17:14.001Z | Ultimate Tango | success | Methods: cache
2025-05-02T17:17:14.210Z | Tango Society of Boston | success | Methods: btcNiceName
2025-05-02T18:15:00.597Z | Ultimate Tango | success | Methods: btcNiceName
2025-05-02T18:15:03.892Z | Ultimate Tango | success | Methods: cache
2025-05-02T18:15:06.803Z | Boston Sunday Practica Group | success | Methods: btcNiceName
2025-05-02T18:15:09.427Z | Ultimate Tango | success | Methods: cache
2025-05-02T18:15:11.858Z | Tango Society of Boston | success | Methods: btcNiceName
2025-05-02T18:31:27.780Z | Ultimate Tango | success | Methods: btcNiceName
2025-05-02T18:31:30.911Z | Ultimate Tango | success | Methods: cache
2025-05-02T18:31:33.735Z | Boston Sunday Practica Group | success | Methods: btcNiceName
2025-05-02T18:31:36.384Z | Ultimate Tango | success | Methods: cache
2025-05-02T18:31:38.909Z | Tango Society of Boston | success | Methods: btcNiceName
2025-05-02T18:31:42.547Z | Practica Spark | success | Methods: btcNiceName
2025-05-02T18:31:45.046Z | Toby Balsley | success | Methods: btcNiceName
2025-05-02T18:31:47.519Z | Toby Balsley | success | Methods: cache
2025-05-02T18:31:50.791Z | Guillermo Merlo | success | Methods: btcNiceName
2025-05-02T18:31:53.500Z | Ultimate Tango | success | Methods: cache
2025-05-02T18:31:55.816Z | Ultimate Tango | success | Methods: cache
2025-05-02T18:31:58.352Z | TangoSpark | success | Methods: btcNiceName
2025-05-02T18:32:00.952Z | Ultimate Tango | success | Methods: cache
2025-05-02T18:32:03.180Z | TangoSpark | success | Methods: cache
2025-05-02T18:32:06.442Z | Ultimate Tango | success | Methods: cache
2025-05-02T18:32:09.188Z | Tango Academy of Boston | success | Methods: btcNiceName
2025-05-02T18:32:12.147Z | Tango Society of Boston | success | Methods: cache
2025-05-02T18:32:14.635Z | Tango Society of Boston | success | Methods: cache
2025-05-02T18:32:17.166Z | Tango Society of Boston | success | Methods: cache
2025-05-02T18:32:20.809Z | Milonga Sal Azul Team | success | Methods: btcNiceName
2025-05-02T18:32:23.425Z | Ultimate Tango | success | Methods: cache
2025-05-02T18:32:28.138Z | Laura Grandi | success | Methods: btcNiceName
2025-05-02T18:32:30.657Z | Guillermo Merlo | success | Methods: cache
2025-05-02T18:32:35.412Z | Ultimate Tango | success | Methods: cache
2025-05-02T18:32:38.202Z | Tango Sueño Academy | success | Methods: btcNiceName
2025-05-02T18:32:40.917Z | FG Dance Academy | success | Methods: btcNiceName
2025-05-02T18:32:43.345Z | FG Dance Academy | success | Methods: cache
2025-05-02T18:32:45.593Z | Ultimate Tango | success | Methods: cache
2025-05-02T18:32:48.156Z | Laura Grandi | success | Methods: cache
2025-05-02T18:32:50.611Z | Ultimate Tango | success | Methods: cache
2025-05-02T18:32:53.203Z | Milton and Corin | success | Methods: btcNiceName
2025-05-02T18:32:57.671Z | Ultimate Tango | success | Methods: cache
2025-05-02T18:33:00.508Z | Boston Sunday Practica Group | success | Methods: cache
2025-05-02T18:33:02.715Z | Ultimate Tango | success | Methods: cache
2025-05-02T18:33:04.953Z | Tango Society of Boston | success | Methods: cache
2025-05-02T18:33:09.048Z | Practica Spark | success | Methods: cache
2025-05-02T18:33:11.372Z | Toby Balsley | success | Methods: cache
2025-05-02T18:33:13.484Z | Toby Balsley | success | Methods: cache
2025-05-02T18:33:17.532Z | Ultimate Tango | success | Methods: cache
2025-05-02T18:33:19.951Z | Guillermo Merlo | success | Methods: cache
2025-05-02T18:33:22.311Z | Ultimate Tango | success | Methods: cache
2025-05-02T18:33:24.472Z | Ultimate Tango | success | Methods: cache
2025-05-02T18:33:26.692Z | TangoSpark | success | Methods: cache
2025-05-02T18:33:28.804Z | Ultimate Tango | success | Methods: cache
2025-05-02T18:33:30.897Z | TangoSpark | success | Methods: cache
2025-05-02T18:33:34.926Z | Tango Academy of Boston | success | Methods: cache
2025-05-02T18:33:37.296Z | Tango Society of Boston | success | Methods: cache
2025-05-02T18:33:39.617Z | Tango Society of Boston | success | Methods: cache
2025-05-02T18:33:42.188Z | Tango Society of Boston | success | Methods: cache
2025-05-02T18:33:45.455Z | Milonga Sal Azul Team | success | Methods: cache
2025-05-02T18:33:47.752Z | Ultimate Tango | success | Methods: cache
2025-05-02T18:33:50.845Z | Ultimate Tango | success | Methods: cache
2025-05-02T18:33:53.110Z | Laura Grandi | success | Methods: cache
2025-05-02T18:33:55.534Z | Tango Society of Boston | success | Methods: cache
2025-05-02T18:33:58.716Z | Tango Sueño Academy | success | Methods: cache
2025-05-02T18:34:01.202Z | FG Dance Academy | success | Methods: cache
2025-05-02T18:34:03.538Z | FG Dance Academy | success | Methods: cache
2025-05-02T18:34:05.722Z | Ultimate Tango | success | Methods: cache
2025-05-02T18:34:08.883Z | Ultimate Tango | success | Methods: cache
2025-05-02T18:34:11.305Z | Blue Tango | success | Methods: btcNiceName
2025-05-02T18:34:14.562Z | Ultimate Tango | success | Methods: cache
2025-05-02T18:34:16.749Z | Boston Sunday Practica Group | success | Methods: cache
2025-05-02T18:34:19.030Z | Ultimate Tango | success | Methods: cache
2025-05-02T18:34:21.134Z | Tango Society of Boston | success | Methods: cache
2025-05-02T18:34:24.146Z | Ultimate Tango | success | Methods: cache
2025-05-02T18:34:26.314Z | Practica Spark | success | Methods: cache
2025-05-02T18:34:28.536Z | Toby Balsley | success | Methods: cache
2025-05-02T18:34:30.599Z | Toby Balsley | success | Methods: cache
2025-05-02T18:34:34.018Z | Guillermo Merlo | success | Methods: cache
2025-05-02T18:34:36.348Z | Ultimate Tango | success | Methods: cache
2025-05-02T18:34:38.682Z | Ultimate Tango | success | Methods: cache
2025-05-02T18:34:41.005Z | TangoSpark | success | Methods: cache
2025-05-02T18:34:43.177Z | Ultimate Tango | success | Methods: cache
2025-05-02T18:34:45.348Z | TangoSpark | success | Methods: cache
2025-05-02T18:34:48.618Z | Tango Academy of Boston | success | Methods: cache
2025-05-02T18:34:50.949Z | Tango Society of Boston | success | Methods: cache
2025-05-02T18:34:53.306Z | Tango Society of Boston | success | Methods: cache
2025-05-02T18:34:55.522Z | Tango Society of Boston | success | Methods: cache
2025-05-02T18:34:58.440Z | Ultimate Tango | success | Methods: cache
2025-05-02T18:35:00.784Z | Milonga Sal Azul Team | success | Methods: cache
2025-05-02T18:35:02.959Z | Ultimate Tango | success | Methods: cache
2025-05-02T18:35:06.124Z | Laura Grandi | success | Methods: cache
2025-05-02T18:35:08.521Z | Tango Society of Boston | success | Methods: cache
2025-05-02T18:35:11.508Z | Tango Sueño Academy | success | Methods: cache
2025-05-02T18:35:14.201Z | FG Dance Academy | success | Methods: cache
2025-05-02T18:35:16.445Z | FG Dance Academy | success | Methods: cache
2025-05-02T18:35:18.501Z | Ultimate Tango | success | Methods: cache
2025-05-02T18:35:20.690Z | Ultimate Tango | success | Methods: cache
2025-05-02T18:35:23.256Z | Tango Sueño Academy | success | Methods: cache
2025-05-02T18:35:25.588Z | Tango Society of Boston | success | Methods: cache
2025-05-02T18:35:28.612Z | Ultimate Tango | success | Methods: cache
2025-05-02T18:35:31.327Z | Ultimate Tango | success | Methods: cache
2025-05-02T18:35:33.746Z | Boston Sunday Practica Group | success | Methods: cache
2025-05-02T18:35:35.928Z | Ultimate Tango | success | Methods: cache
2025-05-02T18:35:38.329Z | Tango Society of Boston | success | Methods: cache
2025-05-02T18:35:42.436Z | Practica Spark | success | Methods: cache
2025-05-02T18:35:45.090Z | Toby Balsley | success | Methods: cache
2025-05-02T18:35:47.276Z | Toby Balsley | success | Methods: cache
2025-05-02T18:35:50.624Z | Guillermo Merlo | success | Methods: cache
2025-05-02T18:35:53.132Z | Ultimate Tango | success | Methods: cache
2025-05-02T18:35:55.357Z | Ultimate Tango | success | Methods: cache
2025-05-02T18:35:57.677Z | Ultimate Tango | success | Methods: cache
2025-05-02T18:36:00.780Z | Ultimate Tango | success | Methods: cache
2025-05-02T18:36:03.180Z | Tango Academy of Boston | success | Methods: cache
2025-05-02T18:36:05.421Z | Tango Society of Boston | success | Methods: cache
2025-05-02T18:36:07.615Z | Tango Society of Boston | success | Methods: cache
2025-05-02T18:36:09.847Z | Tango Society of Boston | success | Methods: cache
2025-05-02T18:36:12.924Z | Milonga Sal Azul Team | success | Methods: cache
2025-05-02T18:36:15.143Z | Ultimate Tango | success | Methods: cache
2025-05-02T18:36:17.850Z | Laura Grandi | success | Methods: cache
2025-05-02T18:36:20.286Z | Tango Affair | success | Methods: btcNiceName
2025-05-02T18:36:22.635Z | Tango Affair | success | Methods: cache
2025-05-02T18:36:26.110Z | FG Dance Academy | success | Methods: cache
2025-05-02T18:36:28.417Z | Ultimate Tango | success | Methods: cache
2025-05-02T18:36:30.625Z | Tango Sueño Academy | success | Methods: cache
2025-05-02T18:36:33.041Z | FG Dance Academy | success | Methods: cache
2025-05-02T18:36:35.631Z | FG Dance Academy | success | Methods: cache
2025-05-02T18:36:37.772Z | Ultimate Tango | success | Methods: cache
2025-05-02T18:36:39.913Z | Ultimate Tango | success | Methods: cache
2025-05-02T18:36:42.495Z | Tango Society of Boston | success | Methods: cache
2025-05-02T19:01:29.084Z | Boston Sunday Practica Group | success | Methods: btcNiceName
2025-05-02T19:01:29.633Z | Tango Society of Boston | success | Methods: btcNiceName
2025-05-02T19:01:31.853Z | Guillermo Merlo | success | Methods: btcNiceName
2025-05-02T19:01:33.258Z | Tango Society of Boston | success | Methods: cache
2025-05-02T19:01:33.340Z | Tango Society of Boston | success | Methods: cache
2025-05-02T19:01:33.429Z | Tango Society of Boston | success | Methods: cache
2025-05-02T19:01:35.487Z | Guillermo Merlo | success | Methods: cache
2025-05-02T19:01:36.793Z | FG Dance Academy | success | Methods: btcNiceName
2025-05-02T19:01:37.112Z | FG Dance Academy | success | Methods: cache
2025-05-02T19:01:37.195Z | Laura Grandi | success | Methods: btcNiceName
2025-05-02T19:01:37.526Z | Milton and Corin | success | Methods: btcNiceName
2025-05-02T19:03:16.157Z | Boston Sunday Practica Group | success | Methods: cache
2025-05-02T19:03:16.245Z | Tango Society of Boston | success | Methods: cache
2025-05-02T19:03:17.448Z | Guillermo Merlo | success | Methods: cache
2025-05-02T19:03:18.181Z | Tango Society of Boston | success | Methods: cache
2025-05-02T19:03:18.267Z | Tango Society of Boston | success | Methods: cache
2025-05-02T19:03:18.358Z | Tango Society of Boston | success | Methods: cache
2025-05-02T19:03:19.433Z | Guillermo Merlo | success | Methods: cache
2025-05-02T19:03:20.133Z | FG Dance Academy | success | Methods: cache
2025-05-02T19:03:20.218Z | FG Dance Academy | success | Methods: cache
2025-05-02T19:03:20.297Z | Laura Grandi | success | Methods: cache
2025-05-02T19:03:20.396Z | Milton and Corin | success | Methods: cache
